Determining if the pthread_create exist failed with the following output:
Change Dir: /home/boris/Desktop/ivs_proj1_ver2/ivs_project_1_2018/assignment/build/CMakeFiles/CMakeTmp

Run Build Command:"/usr/bin/make" "cmTC_bf616/fast"
/usr/bin/make -f CMakeFiles/cmTC_bf616.dir/build.make CMakeFiles/cmTC_bf616.dir/build
make[1]: Vstupuje se do adresáře „/home/boris/Desktop/ivs_proj1_ver2/ivs_project_1_2018/assignment/build/CMakeFiles/CMakeTmp“
Building C object CMakeFiles/cmTC_bf616.dir/CheckSymbolExists.c.o
/usr/bin/cc   -g -O0 -fprofile-arcs -ftest-coverage    -o CMakeFiles/cmTC_bf616.dir/CheckSymbolExists.c.o   -c /home/boris/Desktop/ivs_proj1_ver2/ivs_project_1_2018/assignment/build/CMakeFiles/CMakeTmp/CheckSymbolExists.c
Linking C executable cmTC_bf616
/usr/bin/cmake -E cmake_link_script CMakeFiles/cmTC_bf616.dir/link.txt --verbose=1
/usr/bin/cc  -g -O0 -fprofile-arcs -ftest-coverage     -rdynamic CMakeFiles/cmTC_bf616.dir/CheckSymbolExists.c.o  -o cmTC_bf616 
CMakeFiles/cmTC_bf616.dir/CheckSymbolExists.c.o: In function `main':
/home/boris/Desktop/ivs_proj1_ver2/ivs_project_1_2018/assignment/build/CMakeFiles/CMakeTmp/CheckSymbolExists.c:8: undefined reference to `pthread_create'
collect2: error: ld returned 1 exit status
CMakeFiles/cmTC_bf616.dir/build.make:97: recipe for target 'cmTC_bf616' failed
make[1]: *** [cmTC_bf616] Error 1
make[1]: Opouští se adresář „/home/boris/Desktop/ivs_proj1_ver2/ivs_project_1_2018/assignment/build/CMakeFiles/CMakeTmp“
Makefile:126: recipe for target 'cmTC_bf616/fast' failed
make: *** [cmTC_bf616/fast] Error 2

File /home/boris/Desktop/ivs_proj1_ver2/ivs_project_1_2018/assignment/build/CMakeFiles/CMakeTmp/CheckSymbolExists.c:
/* */
#include <pthread.h>

int main(int argc, char** argv)
{
  (void)argv;
#ifndef pthread_create
  return ((int*)(&pthread_create))[argc];
#else
  (void)argc;
  return 0;
#endif
}

Determining if the function pthread_create exists in the pthreads failed with the following output:
Change Dir: /home/boris/Desktop/ivs_proj1_ver2/ivs_project_1_2018/assignment/build/CMakeFiles/CMakeTmp

Run Build Command:"/usr/bin/make" "cmTC_ac55f/fast"
/usr/bin/make -f CMakeFiles/cmTC_ac55f.dir/build.make CMakeFiles/cmTC_ac55f.dir/build
make[1]: Vstupuje se do adresáře „/home/boris/Desktop/ivs_proj1_ver2/ivs_project_1_2018/assignment/build/CMakeFiles/CMakeTmp“
Building C object CMakeFiles/cmTC_ac55f.dir/CheckFunctionExists.c.o
/usr/bin/cc   -g -O0 -fprofile-arcs -ftest-coverage -DCHECK_FUNCTION_EXISTS=pthread_create   -o CMakeFiles/cmTC_ac55f.dir/CheckFunctionExists.c.o   -c /usr/share/cmake-3.10/Modules/CheckFunctionExists.c
Linking C executable cmTC_ac55f
/usr/bin/cmake -E cmake_link_script CMakeFiles/cmTC_ac55f.dir/link.txt --verbose=1
/usr/bin/cc  -g -O0 -fprofile-arcs -ftest-coverage -DCHECK_FUNCTION_EXISTS=pthread_create    -rdynamic CMakeFiles/cmTC_ac55f.dir/CheckFunctionExists.c.o  -o cmTC_ac55f -lpthreads 
/usr/bin/ld: cannot find -lpthreads
collect2: error: ld returned 1 exit status
CMakeFiles/cmTC_ac55f.dir/build.make:97: recipe for target 'cmTC_ac55f' failed
make[1]: *** [cmTC_ac55f] Error 1
make[1]: Opouští se adresář „/home/boris/Desktop/ivs_proj1_ver2/ivs_project_1_2018/assignment/build/CMakeFiles/CMakeTmp“
Makefile:126: recipe for target 'cmTC_ac55f/fast' failed
make: *** [cmTC_ac55f/fast] Error 2


