Determining if the pthread_create exist failed with the following output:
Change Dir: /home/boris/Desktop/ivs_projekt/assignment/build/CMakeFiles/CMakeTmp

Run Build Command:"/usr/bin/make" "cmTC_e84e9/fast"
/usr/bin/make -f CMakeFiles/cmTC_e84e9.dir/build.make CMakeFiles/cmTC_e84e9.dir/build
make[1]: Vstupuje se do adresáře „/home/boris/Desktop/ivs_projekt/assignment/build/CMakeFiles/CMakeTmp“
Building C object CMakeFiles/cmTC_e84e9.dir/CheckSymbolExists.c.o
/usr/bin/cc   -g -O0 -fprofile-arcs -ftest-coverage    -o CMakeFiles/cmTC_e84e9.dir/CheckSymbolExists.c.o   -c /home/boris/Desktop/ivs_projekt/assignment/build/CMakeFiles/CMakeTmp/CheckSymbolExists.c
Linking C executable cmTC_e84e9
/usr/bin/cmake -E cmake_link_script CMakeFiles/cmTC_e84e9.dir/link.txt --verbose=1
/usr/bin/cc  -g -O0 -fprofile-arcs -ftest-coverage     -rdynamic CMakeFiles/cmTC_e84e9.dir/CheckSymbolExists.c.o  -o cmTC_e84e9 
CMakeFiles/cmTC_e84e9.dir/CheckSymbolExists.c.o: In function `main':
/home/boris/Desktop/ivs_projekt/assignment/build/CMakeFiles/CMakeTmp/CheckSymbolExists.c:8: undefined reference to `pthread_create'
collect2: error: ld returned 1 exit status
CMakeFiles/cmTC_e84e9.dir/build.make:97: recipe for target 'cmTC_e84e9' failed
make[1]: *** [cmTC_e84e9] Error 1
make[1]: Opouští se adresář „/home/boris/Desktop/ivs_projekt/assignment/build/CMakeFiles/CMakeTmp“
Makefile:126: recipe for target 'cmTC_e84e9/fast' failed
make: *** [cmTC_e84e9/fast] Error 2

File /home/boris/Desktop/ivs_projekt/assignment/build/CMakeFiles/CMakeTmp/CheckSymbolExists.c:
/* */
#include <pthread.h>

int main(int argc, char** argv)
{
  (void)argv;
#ifndef pthread_create
  return ((int*)(&pthread_create))[argc];
#else
  (void)argc;
  return 0;
#endif
}

Determining if the function pthread_create exists in the pthreads failed with the following output:
Change Dir: /home/boris/Desktop/ivs_projekt/assignment/build/CMakeFiles/CMakeTmp

Run Build Command:"/usr/bin/make" "cmTC_5e922/fast"
/usr/bin/make -f CMakeFiles/cmTC_5e922.dir/build.make CMakeFiles/cmTC_5e922.dir/build
make[1]: Vstupuje se do adresáře „/home/boris/Desktop/ivs_projekt/assignment/build/CMakeFiles/CMakeTmp“
Building C object CMakeFiles/cmTC_5e922.dir/CheckFunctionExists.c.o
/usr/bin/cc   -g -O0 -fprofile-arcs -ftest-coverage -DCHECK_FUNCTION_EXISTS=pthread_create   -o CMakeFiles/cmTC_5e922.dir/CheckFunctionExists.c.o   -c /usr/share/cmake-3.10/Modules/CheckFunctionExists.c
Linking C executable cmTC_5e922
/usr/bin/cmake -E cmake_link_script CMakeFiles/cmTC_5e922.dir/link.txt --verbose=1
/usr/bin/cc  -g -O0 -fprofile-arcs -ftest-coverage -DCHECK_FUNCTION_EXISTS=pthread_create    -rdynamic CMakeFiles/cmTC_5e922.dir/CheckFunctionExists.c.o  -o cmTC_5e922 -lpthreads 
/usr/bin/ld: cannot find -lpthreads
collect2: error: ld returned 1 exit status
CMakeFiles/cmTC_5e922.dir/build.make:97: recipe for target 'cmTC_5e922' failed
make[1]: *** [cmTC_5e922] Error 1
make[1]: Opouští se adresář „/home/boris/Desktop/ivs_projekt/assignment/build/CMakeFiles/CMakeTmp“
Makefile:126: recipe for target 'cmTC_5e922/fast' failed
make: *** [cmTC_5e922/fast] Error 2


